#
# A fatal error has been detected by the Java Runtime Environment:
#
#  EXCEPTION_ACCESS_VIOLATION (0xc0000005) at pc=0x00007ff876accd09, pid=19336, tid=3464
#
# JRE version: Java(TM) SE Runtime Environment (17.0.2+8) (build 17.0.2+8-LTS-86)
# Java VM: Java HotSpot(TM) 64-Bit Server VM (17.0.2+8-LTS-86, mixed mode, sharing, tiered, compressed oops, compressed class ptrs, g1 gc, windows-amd64)
# Problematic frame:
# C  [ig9icd64.dll+0x5dcd09]
#
# No core dump will be written. Minidumps are not enabled by default on client versions of Windows
#
# If you would like to submit a bug report, please visit:
#   https://bugreport.java.com/bugreport/crash.jsp
# The crash happened outside the Java Virtual Machine in native code.
# See problematic frame for where to report the bug.
#

---------------  S U M M A R Y ------------

Command Line: -Dfile.encoding=windows-1252 -Duser.country=GB -Duser.language=en -Duser.variant com.mygdx.game.DesktopLauncher

Host: Intel(R) Core(TM) i5-7500 CPU @ 3.40GHz, 4 cores, 15G,  Windows 10 , 64 bit Build 19041 (10.0.19041.2364)
Time: Sun Jan 15 20:33:24 2023 GMT Standard Time elapsed time: 7336.531721 seconds (0d 2h 2m 16s)

---------------  T H R E A D  ---------------

Current thread (0x000002362af7dba0):  JavaThread "main" [_thread_in_native, id=3464, stack(0x00000069f9600000,0x00000069f9700000)]

Stack: [0x00000069f9600000,0x00000069f9700000],  sp=0x00000069f96fe000,  free space=1016k
Native frames: (J=compiled Java code, j=interpreted, Vv=VM code, C=native code)
C  [ig9icd64.dll+0x5dcd09]

Java frames: (J=compiled Java code, j=interpreted, Vv=VM code)
J 1214  org.lwjgl.opengl.GL11C.nglTexImage2D(IIIIIIIIJ)V (0 bytes) @ 0x000002363a3212a4 [0x000002363a321220+0x0000000000000084]
J 1312 c2 com.badlogic.gdx.graphics.GLTexture.uploadImageData(ILcom/badlogic/gdx/graphics/TextureData;I)V (239 bytes) @ 0x000002363a366e38 [0x000002363a366c60+0x00000000000001d8]
J 1225 c2 com.mygdx.game.Station.draw(Lcom/badlogic/gdx/graphics/g2d/Batch;)V (173 bytes) @ 0x000002363a324920 [0x000002363a322f40+0x00000000000019e0]
J 1246 c2 com.badlogic.maingame.MainGame.render()V (202 bytes) @ 0x000002363a336440 [0x000002363a335fa0+0x00000000000004a0]
J 1329 c2 com.badlogic.gdx.backends.lwjgl3.Lwjgl3Window.update()Z (217 bytes) @ 0x000002363a36dce8 [0x000002363a36d700+0x00000000000005e8]
J 1347% c2 com.badlogic.gdx.backends.lwjgl3.Lwjgl3Application.loop()V (468 bytes) @ 0x000002363a37f3f4 [0x000002363a37eea0+0x0000000000000554]
j  com.badlogic.gdx.backends.lwjgl3.Lwjgl3Application.<init>(Lcom/badlogic/gdx/ApplicationListener;Lcom/badlogic/gdx/backends/lwjgl3/Lwjgl3ApplicationConfiguration;)V+269
j  com.mygdx.game.DesktopLauncher.main([Ljava/lang/String;)V+48
v  ~StubRoutines::call_stub

siginfo: EXCEPTION_ACCESS_VIOLATION (0xc0000005), reading address 0x0000000000000110


Register to memory mapping:

RIP=0x00007ff876accd09 ig9icd64.dll
RAX=0x0000000000000108 is an unknown value
RBX=0x000002364fdfecc0 points into unknown readable memory: 0x000002364fdabbc0 | c0 bb da 4f 36 02 00 00
RCX=0x0 is NULL
RDX=0x000002364e2a2150 points into unknown readable memory: 0x00007ff8c8802e01 | 01 2e 80 c8 f8 7f 00 00
RSP=0x00000069f96fe000 is pointing into the stack for thread: 0x000002362af7dba0
RBP=0x00000000fffffff0 is an unknown value
RSI=0x0000000000000108 is an unknown value
RDI=0x0 is NULL
R8 =0x0 is NULL
R9 =0x0000000000000001 is an unknown value
R10=0x000002364fd9a950 points into unknown readable memory: 0x000002364e6365c0 | c0 65 63 4e 36 02 00 00
R11=0x00000069f96fe0f0 is pointing into the stack for thread: 0x000002362af7dba0
R12=0x000002364e2a2350 points into unknown readable memory: 0x0000000000000000 | 00 00 00 00 00 00 00 00
R13=0x0 is NULL
R14=0x000002364e2a2150 points into unknown readable memory: 0x00007ff8c8802e01 | 01 2e 80 c8 f8 7f 00 00
R15=0x0000000000000001 is an unknown value


Registers:
RAX=0x0000000000000108, RBX=0x000002364fdfecc0, RCX=0x0000000000000000, RDX=0x000002364e2a2150
RSP=0x00000069f96fe000, RBP=0x00000000fffffff0, RSI=0x0000000000000108, RDI=0x0000000000000000
R8 =0x0000000000000000, R9 =0x0000000000000001, R10=0x000002364fd9a950, R11=0x00000069f96fe0f0
R12=0x000002364e2a2350, R13=0x0000000000000000, R14=0x000002364e2a2150, R15=0x0000000000000001
RIP=0x00007ff876accd09, EFLAGS=0x0000000000010202

Top of Stack: (sp=0x00000069f96fe000)
0x00000069f96fe000:   0000000000000000 0110543d7a000004
0x00000069f96fe010:   00000069f96fe090 000002364e2a2150
0x00000069f96fe020:   0000000000000000 0000000000000001
0x00000069f96fe030:   0000000000000000 000002364fe33fd0
0x00000069f96fe040:   0000000000000001 0000000000000000
0x00000069f96fe050:   000002364fe33fd0 0000000000000000
0x00000069f96fe060:   000002364e2a2150 00007ff876b9c552
0x00000069f96fe070:   000002364fdfecc0 000002364fe33800
0x00000069f96fe080:   0000000000000000 00007ff876b9cdd9
0x00000069f96fe090:   0000023600000000 0000023600000000
0x00000069f96fe0a0:   000002364fe37640 000002364fe33840
0x00000069f96fe0b0:   00000069f96fe210 00007ff876b2190e
0x00000069f96fe0c0:   0a000000e31d7000 0000000000000000
0x00000069f96fe0d0:   0000441c7a000004 000002364fdfecc0
0x00000069f96fe0e0:   0000000000000000 0000000000000000
0x00000069f96fe0f0:   0000000000000000 000002364fe33f00 

Instructions: (pc=0x00007ff876accd09)
0x00007ff876accc09:   04 00 00 48 85 d2 74 2c 8d 47 f0 83 e0 0f 48 8d
0x00007ff876accc19:   04 c0 48 8d 04 c2 eb 32 48 8b 83 98 04 00 00 48
0x00007ff876accc29:   85 c0 74 10 0f 1f 00 39 38 74 56 48 8b 40 50 48
0x00007ff876accc39:   85 c0 75 f3 80 bb a0 04 00 00 00 74 12 8b c7 83
0x00007ff876accc49:   e0 0f 48 8d 04 c0 48 8d 04 c3 48 85 c0 75 19 8b
0x00007ff876accc59:   d7 48 8b cb e8 1e 0f a4 ff 48 85 c0 75 0a 8b d7
0x00007ff876accc69:   48 8b cb e8 2f 10 a4 ff 48 89 30 45 33 ed 4c 8b
0x00007ff876accc79:   84 24 80 00 00 00 45 89 68 18 b0 01 e9 1d 09 00
0x00007ff876accc89:   00 48 83 c0 08 eb c3 49 8d b5 08 01 00 00 45 33
0x00007ff876accc99:   ed 8d 6f f0 83 ff 10 73 0a 48 8d 0c ff 48 8d 04
0x00007ff876accca9:   ce eb 58 8b c5 c1 e8 04 83 f8 03 73 1f 0f ae e8
0x00007ff876acccb9:   8b cd 83 e1 0f 48 8b 94 c6 80 04 00 00 48 85 d2
0x00007ff876acccc9:   74 23 48 8d 0c c9 48 8d 04 ca eb 2f 48 8b 86 98
0x00007ff876acccd9:   04 00 00 48 85 c0 74 0d 39 38 74 2a 48 8b 40 50
0x00007ff876accce9:   48 85 c0 75 f3 44 38 ae a0 04 00 00 74 1e 8b c7
0x00007ff876acccf9:   83 e0 0f 48 8d 04 c0 48 8d 04 c6 48 85 c0 74 0c
0x00007ff876accd09:   4c 8b 40 08 eb 09 48 83 c0 08 eb ef 4d 8b c5 83
0x00007ff876accd19:   ff 10 73 0a 48 8d 0c ff 48 8d 04 ce eb 5c 8b c5
0x00007ff876accd29:   c1 e8 04 83 f8 03 73 1f 0f ae e8 8b cd 83 e1 0f
0x00007ff876accd39:   48 8b 94 c6 80 04 00 00 48 85 d2 74 27 48 8d 0c
0x00007ff876accd49:   c9 48 8d 04 ca eb 33 48 8b 86 98 04 00 00 48 85
0x00007ff876accd59:   c0 74 11 0f 1f 40 00 39 38 74 29 48 8b 40 50 48
0x00007ff876accd69:   85 c0 75 f3 44 38 ae a0 04 00 00 74 1d 8b c7 83
0x00007ff876accd79:   e0 0f 48 8d 04 c0 48 8d 04 c6 48 85 c0 74 0b 48
0x00007ff876accd89:   8b 08 eb 09 48 83 c0 08 eb f0 49 8b cd 4c 3b c1
0x00007ff876accd99:   0f 86 83 00 00 00 83 ff 10 73 0a 48 8d 0c ff 48
0x00007ff876accda9:   8d 04 ce eb 5c 8b c5 c1 e8 04 83 f8 03 73 1f 0f
0x00007ff876accdb9:   ae e8 8b cd 83 e1 0f 48 8b 94 c6 80 04 00 00 48
0x00007ff876accdc9:   85 d2 74 23 48 8d 0c c9 48 8d 04 ca eb 33 48 8b
0x00007ff876accdd9:   86 98 04 00 00 48 85 c0 74 0d 39 38 74 35 48 8b
0x00007ff876accde9:   40 50 48 85 c0 75 f3 44 38 ae a0 04 00 00 0f 84
0x00007ff876accdf9:   9c 00 00 00 8b c7 83 e0 0f 48 8d 04 c0 48 8d 04 


Stack slot to memory mapping:
stack at sp + 0 slots: 0x0 is NULL
stack at sp + 1 slots: 0x0110543d7a000004 is an unknown value
stack at sp + 2 slots: 0x00000069f96fe090 is pointing into the stack for thread: 0x000002362af7dba0
stack at sp + 3 slots: 0x000002364e2a2150 points into unknown readable memory: 0x00007ff8c8802e01 | 01 2e 80 c8 f8 7f 00 00
stack at sp + 4 slots: 0x0 is NULL
stack at sp + 5 slots: 0x0000000000000001 is an unknown value
stack at sp + 6 slots: 0x0 is NULL
stack at sp + 7 slots: 0x000002364fe33fd0 points into unknown readable memory: 0x0000000000000000 | 00 00 00 00 00 00 00 00


---------------  P R O C E S S  ---------------

Threads class SMR info:
_java_thread_list=0x000002365023bd20, length=13, elements={
0x000002362af7dba0, 0x000002364d3810d0, 0x000002364d381f40, 0x000002364d39c420,
0x000002364d39ecf0, 0x000002364d39f6a0, 0x000002364d3a0050, 0x000002364d3a42e0,
0x000002364dd300d0, 0x000002364d3dd480, 0x000002364ddfa6a0, 0x000002364de06b30,
0x0000023650408d50
}

Java Threads: ( => current thread )
=>0x000002362af7dba0 JavaThread "main" [_thread_in_native, id=3464, stack(0x00000069f9600000,0x00000069f9700000)]
  0x000002364d3810d0 JavaThread "Reference Handler" daemon [_thread_blocked, id=16828, stack(0x00000069f9d00000,0x00000069f9e00000)]
  0x000002364d381f40 JavaThread "Finalizer" daemon [_thread_blocked, id=13080, stack(0x00000069f9e00000,0x00000069f9f00000)]
  0x000002364d39c420 JavaThread "Signal Dispatcher" daemon [_thread_blocked, id=14416, stack(0x00000069f9f00000,0x00000069fa000000)]
  0x000002364d39ecf0 JavaThread "Attach Listener" daemon [_thread_blocked, id=3980, stack(0x00000069fa000000,0x00000069fa100000)]
  0x000002364d39f6a0 JavaThread "Service Thread" daemon [_thread_blocked, id=16508, stack(0x00000069fa100000,0x00000069fa200000)]
  0x000002364d3a0050 JavaThread "Monitor Deflation Thread" daemon [_thread_blocked, id=9752, stack(0x00000069fa200000,0x00000069fa300000)]
  0x000002364d3a42e0 JavaThread "C2 CompilerThread0" daemon [_thread_blocked, id=15996, stack(0x00000069fa300000,0x00000069fa400000)]
  0x000002364dd300d0 JavaThread "C1 CompilerThread0" daemon [_thread_blocked, id=21080, stack(0x00000069fa400000,0x00000069fa500000)]
  0x000002364d3dd480 JavaThread "Sweeper thread" daemon [_thread_blocked, id=21868, stack(0x00000069fa500000,0x00000069fa600000)]
  0x000002364ddfa6a0 JavaThread "Notification Thread" daemon [_thread_blocked, id=2704, stack(0x00000069fa600000,0x00000069fa700000)]
  0x000002364de06b30 JavaThread "Common-Cleaner" daemon [_thread_blocked, id=18520, stack(0x00000069fa800000,0x00000069fa900000)]
  0x0000023650408d50 JavaThread "LWJGL3 Timer" daemon [_thread_blocked, id=19212, stack(0x00000069fb200000,0x00000069fb300000)]

Other Threads:
  0x000002364d37b810 VMThread "VM Thread" [stack: 0x00000069f9c00000,0x00000069f9d00000] [id=12908]
  0x000002364d389080 WatcherThread [stack: 0x00000069fa700000,0x00000069fa800000] [id=1280]
  0x000002362afca340 GCTaskThread "GC Thread#0" [stack: 0x00000069f9700000,0x00000069f9800000] [id=8768]
  0x000002364e6c5bd0 GCTaskThread "GC Thread#1" [stack: 0x00000069fb300000,0x00000069fb400000] [id=9852]
  0x000002364e6c7150 GCTaskThread "GC Thread#2" [stack: 0x00000069fb400000,0x00000069fb500000] [id=16936]
  0x000002364e6c6ea0 GCTaskThread "GC Thread#3" [stack: 0x00000069fb500000,0x00000069fb600000] [id=11280]
  0x000002362afdc460 ConcurrentGCThread "G1 Main Marker" [stack: 0x00000069f9800000,0x00000069f9900000] [id=9008]
  0x000002362afdd610 ConcurrentGCThread "G1 Conc#0" [stack: 0x00000069f9900000,0x00000069f9a00000] [id=4024]
  0x000002364d2420c0 ConcurrentGCThread "G1 Refine#0" [stack: 0x00000069f9a00000,0x00000069f9b00000] [id=14980]
  0x0000023650494340 ConcurrentGCThread "G1 Refine#1" [stack: 0x00000069f9300000,0x00000069f9400000] [id=14604]
  0x00000236504a4840 ConcurrentGCThread "G1 Refine#2" [stack: 0x00000069f9400000,0x00000069f9500000] [id=21768]
  0x000002364d242ae0 ConcurrentGCThread "G1 Service" [stack: 0x00000069f9b00000,0x00000069f9c00000] [id=6328]

Threads with active compile tasks:

VM state: not at safepoint (normal execution)

VM Mutex/Monitor currently owned by a thread: None

Heap address: 0x0000000702200000, size: 4062 MB, Compressed Oops mode: Zero based, Oop shift amount: 3

CDS archive(s) mapped at: [0x0000000800000000-0x0000000800bc0000-0x0000000800bc0000), size 12320768, SharedBaseAddress: 0x0000000800000000, ArchiveRelocationMode: 0.
Compressed class space mapped at: 0x0000000800c00000-0x0000000840c00000, reserved size: 1073741824
Narrow klass base: 0x0000000800000000, Narrow klass shift: 0, Narrow klass range: 0x100000000

GC Precious Log:
 CPUs: 4 total, 4 available
 Memory: 16246M
 Large Page Support: Disabled
 NUMA Support: Disabled
 Compressed Oops: Enabled (Zero based)
 Heap Region Size: 2M
 Heap Min Capacity: 8M
 Heap Initial Capacity: 254M
 Heap Max Capacity: 4062M
 Pre-touch: Disabled
 Parallel Workers: 4
 Concurrent Workers: 1
 Concurrent Refinement Workers: 4
 Periodic GC: Disabled

Heap:
 garbage-first heap   total 319488K, used 176583K [0x0000000702200000, 0x0000000800000000)
  region size 2048K, 12 young (24576K), 5 survivors (10240K)
 Metaspace       used 5629K, committed 5824K, reserved 1056768K
  class space    used 378K, committed 448K, reserved 1048576K

Heap Regions: E=young(eden), S=young(survivor), O=old, HS=humongous(starts), HC=humongous(continues), CS=collection set, F=free, OA=open archive, CA=closed archive, TAMS=top-at-mark-start (previous, next)
|   0|0x0000000702200000, 0x0000000702400000, 0x0000000702400000|100%| O|  |TAMS 0x0000000702400000, 0x0000000702200000| Untracked 
|   1|0x0000000702400000, 0x0000000702600000, 0x0000000702600000|100%| O|  |TAMS 0x0000000702600000, 0x0000000702400000| Untracked 
|   2|0x0000000702600000, 0x0000000702800000, 0x0000000702800000|100%| O|  |TAMS 0x0000000702800000, 0x0000000702600000| Untracked 
|   3|0x0000000702800000, 0x0000000702a00000, 0x0000000702a00000|100%| O|  |TAMS 0x0000000702a00000, 0x0000000702800000| Untracked 
|   4|0x0000000702a00000, 0x0000000702c00000, 0x0000000702c00000|100%| O|  |TAMS 0x0000000702c00000, 0x0000000702a00000| Untracked 
|   5|0x0000000702c00000, 0x0000000702e00000, 0x0000000702e00000|100%| O|  |TAMS 0x0000000702e00000, 0x0000000702c00000| Untracked 
|   6|0x0000000702e00000, 0x0000000703000000, 0x0000000703000000|100%| O|  |TAMS 0x0000000703000000, 0x0000000702e00000| Untracked 
|   7|0x0000000703000000, 0x0000000703200000, 0x0000000703200000|100%| O|  |TAMS 0x0000000703200000, 0x0000000703000000| Untracked 
|   8|0x0000000703200000, 0x0000000703400000, 0x0000000703400000|100%| O|  |TAMS 0x0000000703400000, 0x0000000703200000| Untracked 
|   9|0x0000000703400000, 0x0000000703600000, 0x0000000703600000|100%| O|  |TAMS 0x0000000703600000, 0x0000000703400000| Untracked 
|  10|0x0000000703600000, 0x0000000703800000, 0x0000000703800000|100%| O|  |TAMS 0x0000000703800000, 0x0000000703600000| Untracked 
|  11|0x0000000703800000, 0x0000000703a00000, 0x0000000703a00000|100%| O|  |TAMS 0x0000000703a00000, 0x0000000703800000| Untracked 
|  12|0x0000000703a00000, 0x0000000703c00000, 0x0000000703c00000|100%| O|  |TAMS 0x0000000703c00000, 0x0000000703a00000| Untracked 
|  13|0x0000000703c00000, 0x0000000703e00000, 0x0000000703e00000|100%| O|  |TAMS 0x0000000703e00000, 0x0000000703c00000| Untracked 
|  14|0x0000000703e00000, 0x0000000704000000, 0x0000000704000000|100%| O|  |TAMS 0x0000000704000000, 0x0000000703e00000| Untracked 
|  15|0x0000000704000000, 0x0000000704200000, 0x0000000704200000|100%| O|  |TAMS 0x0000000704200000, 0x0000000704000000| Untracked 
|  16|0x0000000704200000, 0x0000000704400000, 0x0000000704400000|100%| O|  |TAMS 0x0000000704400000, 0x0000000704200000| Untracked 
|  17|0x0000000704400000, 0x0000000704600000, 0x0000000704600000|100%| O|  |TAMS 0x0000000704600000, 0x0000000704400000| Untracked 
|  18|0x0000000704600000, 0x0000000704800000, 0x0000000704800000|100%| O|  |TAMS 0x0000000704800000, 0x0000000704600000| Untracked 
|  19|0x0000000704800000, 0x0000000704a00000, 0x0000000704a00000|100%| O|  |TAMS 0x0000000704a00000, 0x0000000704800000| Untracked 
|  20|0x0000000704a00000, 0x0000000704c00000, 0x0000000704c00000|100%| O|  |TAMS 0x0000000704c00000, 0x0000000704a00000| Untracked 
|  21|0x0000000704c00000, 0x0000000704e00000, 0x0000000704e00000|100%| O|  |TAMS 0x0000000704e00000, 0x0000000704c00000| Untracked 
|  22|0x0000000704e00000, 0x0000000705000000, 0x0000000705000000|100%| O|  |TAMS 0x0000000705000000, 0x0000000704e00000| Untracked 
|  23|0x0000000705000000, 0x0000000705200000, 0x0000000705200000|100%| O|  |TAMS 0x0000000705200000, 0x0000000705000000| Untracked 
|  24|0x0000000705200000, 0x0000000705400000, 0x0000000705400000|100%| O|  |TAMS 0x0000000705400000, 0x0000000705200000| Untracked 
|  25|0x0000000705400000, 0x0000000705600000, 0x0000000705600000|100%| O|  |TAMS 0x0000000705600000, 0x0000000705400000| Untracked 
|  26|0x0000000705600000, 0x0000000705800000, 0x0000000705800000|100%| O|  |TAMS 0x0000000705800000, 0x0000000705600000| Untracked 
|  27|0x0000000705800000, 0x0000000705a00000, 0x0000000705a00000|100%| O|  |TAMS 0x0000000705a00000, 0x0000000705800000| Untracked 
|  28|0x0000000705a00000, 0x0000000705c00000, 0x0000000705c00000|100%| O|  |TAMS 0x0000000705c00000, 0x0000000705a00000| Untracked 
|  29|0x0000000705c00000, 0x0000000705e00000, 0x0000000705e00000|100%| O|  |TAMS 0x0000000705e00000, 0x0000000705c00000| Untracked 
|  30|0x0000000705e00000, 0x0000000706000000, 0x0000000706000000|100%| O|  |TAMS 0x0000000706000000, 0x0000000705e00000| Untracked 
|  31|0x0000000706000000, 0x0000000706200000, 0x0000000706200000|100%| O|  |TAMS 0x0000000706200000, 0x0000000706000000| Untracked 
|  32|0x0000000706200000, 0x0000000706400000, 0x0000000706400000|100%| O|  |TAMS 0x0000000706400000, 0x0000000706200000| Untracked 
|  33|0x0000000706400000, 0x0000000706600000, 0x0000000706600000|100%| O|  |TAMS 0x0000000706600000, 0x0000000706400000| Untracked 
|  34|0x0000000706600000, 0x0000000706800000, 0x0000000706800000|100%| O|  |TAMS 0x0000000706800000, 0x0000000706600000| Untracked 
|  35|0x0000000706800000, 0x0000000706a00000, 0x0000000706a00000|100%| O|  |TAMS 0x0000000706a00000, 0x0000000706800000| Untracked 
|  36|0x0000000706a00000, 0x0000000706c00000, 0x0000000706c00000|100%| O|  |TAMS 0x0000000706c00000, 0x0000000706a00000| Untracked 
|  37|0x0000000706c00000, 0x0000000706e00000, 0x0000000706e00000|100%| O|  |TAMS 0x0000000706e00000, 0x0000000706c00000| Untracked 
|  38|0x0000000706e00000, 0x0000000707000000, 0x0000000707000000|100%| O|  |TAMS 0x0000000707000000, 0x0000000706e00000| Untracked 
|  39|0x0000000707000000, 0x0000000707200000, 0x0000000707200000|100%| O|  |TAMS 0x0000000707200000, 0x0000000707000000| Untracked 
|  40|0x0000000707200000, 0x0000000707400000, 0x0000000707400000|100%| O|  |TAMS 0x0000000707400000, 0x0000000707200000| Untracked 
|  41|0x0000000707400000, 0x0000000707600000, 0x0000000707600000|100%| O|  |TAMS 0x0000000707600000, 0x0000000707400000| Untracked 
|  42|0x0000000707600000, 0x0000000707800000, 0x0000000707800000|100%| O|  |TAMS 0x0000000707800000, 0x0000000707600000| Untracked 
|  43|0x0000000707800000, 0x0000000707a00000, 0x0000000707a00000|100%| O|  |TAMS 0x0000000707a00000, 0x0000000707800000| Untracked 
|  44|0x0000000707a00000, 0x0000000707c00000, 0x0000000707c00000|100%| O|  |TAMS 0x0000000707c00000, 0x0000000707a00000| Untracked 
|  45|0x0000000707c00000, 0x0000000707e00000, 0x0000000707e00000|100%| O|  |TAMS 0x0000000707e00000, 0x0000000707c00000| Untracked 
|  46|0x0000000707e00000, 0x0000000708000000, 0x0000000708000000|100%| O|  |TAMS 0x0000000708000000, 0x0000000707e00000| Untracked 
|  47|0x0000000708000000, 0x0000000708200000, 0x0000000708200000|100%| O|  |TAMS 0x0000000708200000, 0x0000000708000000| Untracked 
|  48|0x0000000708200000, 0x0000000708400000, 0x0000000708400000|100%| O|  |TAMS 0x0000000708400000, 0x0000000708200000| Untracked 
|  49|0x0000000708400000, 0x0000000708600000, 0x0000000708600000|100%| O|  |TAMS 0x0000000708600000, 0x0000000708400000| Untracked 
|  50|0x0000000708600000, 0x0000000708800000, 0x0000000708800000|100%| O|  |TAMS 0x0000000708800000, 0x0000000708600000| Untracked 
|  51|0x0000000708800000, 0x0000000708a00000, 0x0000000708a00000|100%| O|  |TAMS 0x0000000708a00000, 0x0000000708800000| Untracked 
|  52|0x0000000708a00000, 0x0000000708c00000, 0x0000000708c00000|100%| O|  |TAMS 0x0000000708c00000, 0x0000000708a00000| Untracked 
|  53|0x0000000708c00000, 0x0000000708e00000, 0x0000000708e00000|100%| O|  |TAMS 0x0000000708e00000, 0x0000000708c00000| Untracked 
|  54|0x0000000708e00000, 0x0000000709000000, 0x0000000709000000|100%| O|  |TAMS 0x0000000709000000, 0x0000000708e00000| Untracked 
|  55|0x0000000709000000, 0x0000000709200000, 0x0000000709200000|100%| O|  |TAMS 0x0000000709200000, 0x0000000709000000| Untracked 
|  56|0x0000000709200000, 0x0000000709400000, 0x0000000709400000|100%| O|  |TAMS 0x0000000709400000, 0x0000000709200000| Untracked 
|  57|0x0000000709400000, 0x0000000709600000, 0x0000000709600000|100%| O|  |TAMS 0x0000000709600000, 0x0000000709400000| Untracked 
|  58|0x0000000709600000, 0x0000000709800000, 0x0000000709800000|100%| O|  |TAMS 0x0000000709800000, 0x0000000709600000| Untracked 
|  59|0x0000000709800000, 0x0000000709a00000, 0x0000000709a00000|100%| O|  |TAMS 0x0000000709a00000, 0x0000000709800000| Untracked 
|  60|0x0000000709a00000, 0x0000000709c00000, 0x0000000709c00000|100%| O|  |TAMS 0x0000000709c00000, 0x0000000709a00000| Untracked 
|  61|0x0000000709c00000, 0x0000000709e00000, 0x0000000709e00000|100%|HS|  |TAMS 0x0000000709e00000, 0x0000000709c00000| Complete 
|  62|0x0000000709e00000, 0x000000070a000000, 0x000000070a000000|100%|HC|  |TAMS 0x000000070a000000, 0x0000000709e00000| Complete 
|  63|0x000000070a000000, 0x000000070a200000, 0x000000070a200000|100%|HC|  |TAMS 0x000000070a200000, 0x000000070a000000| Complete 
|  64|0x000000070a200000, 0x000000070a400000, 0x000000070a400000|100%| O|  |TAMS 0x000000070a400000, 0x000000070a200000| Untracked 
|  65|0x000000070a400000, 0x000000070a600000, 0x000000070a600000|100%| O|  |TAMS 0x000000070a600000, 0x000000070a400000| Untracked 
|  66|0x000000070a600000, 0x000000070a800000, 0x000000070a800000|100%| O|  |TAMS 0x000000070a800000, 0x000000070a600000| Untracked 
|  67|0x000000070a800000, 0x000000070aa00000, 0x000000070aa00000|100%| O|  |TAMS 0x000000070aa00000, 0x000000070a800000| Untracked 
|  68|0x000000070aa00000, 0x000000070ac00000, 0x000000070ac00000|100%| O|  |TAMS 0x000000070ac00000, 0x000000070aa00000| Untracked 
|  69|0x000000070ac00000, 0x000000070ae00000, 0x000000070ae00000|100%| O|  |TAMS 0x000000070ae00000, 0x000000070ac00000| Untracked 
|  70|0x000000070ae00000, 0x000000070b000000, 0x000000070b000000|100%| O|  |TAMS 0x000000070b000000, 0x000000070ae00000| Untracked 
|  71|0x000000070b000000, 0x000000070b200000, 0x000000070b200000|100%| O|  |TAMS 0x000000070b200000, 0x000000070b000000| Untracked 
|  72|0x000000070b200000, 0x000000070b400000, 0x000000070b400000|100%| O|  |TAMS 0x000000070b400000, 0x000000070b200000| Untracked 
|  73|0x000000070b400000, 0x000000070b600000, 0x000000070b600000|100%| O|  |TAMS 0x000000070b600000, 0x000000070b400000| Untracked 
|  74|0x000000070b600000, 0x000000070b800000, 0x000000070b800000|100%| O|  |TAMS 0x000000070b800000, 0x000000070b600000| Untracked 
|  75|0x000000070b800000, 0x000000070b99de00, 0x000000070ba00000| 80%| O|  |TAMS 0x000000070b91aa00, 0x000000070b800000| Untracked 
|  76|0x000000070ba00000, 0x000000070ba00000, 0x000000070bc00000|  0%| F|  |TAMS 0x000000070ba00000, 0x000000070ba00000| Untracked 
|  77|0x000000070bc00000, 0x000000070bc00000, 0x000000070be00000|  0%| F|  |TAMS 0x000000070bc00000, 0x000000070bc00000| Untracked 
|  78|0x000000070be00000, 0x000000070be00000, 0x000000070c000000|  0%| F|  |TAMS 0x000000070be00000, 0x000000070be00000| Untracked 
|  79|0x000000070c000000, 0x000000070c000000, 0x000000070c200000|  0%| F|  |TAMS 0x000000070c000000, 0x000000070c000000| Untracked 
|  80|0x000000070c200000, 0x000000070c200000, 0x000000070c400000|  0%| F|  |TAMS 0x000000070c200000, 0x000000070c200000| Untracked 
|  81|0x000000070c400000, 0x000000070c400000, 0x000000070c600000|  0%| F|  |TAMS 0x000000070c400000, 0x000000070c400000| Untracked 
|  82|0x000000070c600000, 0x000000070c600000, 0x000000070c800000|  0%| F|  |TAMS 0x000000070c600000, 0x000000070c600000| Untracked 
|  83|0x000000070c800000, 0x000000070c800000, 0x000000070ca00000|  0%| F|  |TAMS 0x000000070c800000, 0x000000070c800000| Untracked 
|  84|0x000000070ca00000, 0x000000070ca00000, 0x000000070cc00000|  0%| F|  |TAMS 0x000000070ca00000, 0x000000070ca00000| Untracked 
|  85|0x000000070cc00000, 0x000000070cc00000, 0x000000070ce00000|  0%| F|  |TAMS 0x000000070cc00000, 0x000000070cc00000| Untracked 
|  86|0x000000070ce00000, 0x000000070ce00000, 0x000000070d000000|  0%| F|  |TAMS 0x000000070ce00000, 0x000000070ce00000| Untracked 
|  87|0x000000070d000000, 0x000000070d000000, 0x000000070d200000|  0%| F|  |TAMS 0x000000070d000000, 0x000000070d000000| Untracked 
|  88|0x000000070d200000, 0x000000070d200000, 0x000000070d400000|  0%| F|  |TAMS 0x000000070d200000, 0x000000070d200000| Untracked 
|  89|0x000000070d400000, 0x000000070d400000, 0x000000070d600000|  0%| F|  |TAMS 0x000000070d400000, 0x000000070d400000| Untracked 
|  90|0x000000070d600000, 0x000000070d600000, 0x000000070d800000|  0%| F|  |TAMS 0x000000070d600000, 0x000000070d600000| Untracked 
|  91|0x000000070d800000, 0x000000070d800000, 0x000000070da00000|  0%| F|  |TAMS 0x000000070d800000, 0x000000070d800000| Untracked 
|  92|0x000000070da00000, 0x000000070da00000, 0x000000070dc00000|  0%| F|  |TAMS 0x000000070da00000, 0x000000070da00000| Untracked 
|  93|0x000000070dc00000, 0x000000070dc00000, 0x000000070de00000|  0%| F|  |TAMS 0x000000070dc00000, 0x000000070dc00000| Untracked 
|  94|0x000000070de00000, 0x000000070ded3f10, 0x000000070e000000| 41%| S|CS|TAMS 0x000000070de00000, 0x000000070de00000| Complete 
|  95|0x000000070e000000, 0x000000070e200000, 0x000000070e200000|100%| S|CS|TAMS 0x000000070e000000, 0x000000070e000000| Complete 
|  96|0x000000070e200000, 0x000000070e400000, 0x000000070e400000|100%| S|CS|TAMS 0x000000070e200000, 0x000000070e200000| Complete 
|  97|0x000000070e400000, 0x000000070e400000, 0x000000070e600000|  0%| F|  |TAMS 0x000000070e400000, 0x000000070e400000| Untracked 
|  98|0x000000070e600000, 0x000000070e600000, 0x000000070e800000|  0%| F|  |TAMS 0x000000070e600000, 0x000000070e600000| Untracked 
|  99|0x000000070e800000, 0x000000070ea00000, 0x000000070ea00000|100%| S|CS|TAMS 0x000000070e800000, 0x000000070e800000| Complete 
| 100|0x000000070ea00000, 0x000000070ec00000, 0x000000070ec00000|100%| S|CS|TAMS 0x000000070ea00000, 0x000000070ea00000| Complete 
| 101|0x000000070ec00000, 0x000000070ec00000, 0x000000070ee00000|  0%| F|  |TAMS 0x000000070ec00000, 0x000000070ec00000| Untracked 
| 102|0x000000070ee00000, 0x000000070ee00000, 0x000000070f000000|  0%| F|  |TAMS 0x000000070ee00000, 0x000000070ee00000| Untracked 
| 103|0x000000070f000000, 0x000000070f000000, 0x000000070f200000|  0%| F|  |TAMS 0x000000070f000000, 0x000000070f000000| Untracked 
| 104|0x000000070f200000, 0x000000070f200000, 0x000000070f400000|  0%| F|  |TAMS 0x000000070f200000, 0x000000070f200000| Untracked 
| 105|0x000000070f400000, 0x000000070f400000, 0x000000070f600000|  0%| F|  |TAMS 0x000000070f400000, 0x000000070f400000| Untracked 
| 106|0x000000070f600000, 0x000000070f600000, 0x000000070f800000|  0%| F|  |TAMS 0x000000070f600000, 0x000000070f600000| Untracked 
| 107|0x000000070f800000, 0x000000070f800000, 0x000000070fa00000|  0%| F|  |TAMS 0x000000070f800000, 0x000000070f800000| Untracked 
| 108|0x000000070fa00000, 0x000000070fa00000, 0x000000070fc00000|  0%| F|  |TAMS 0x000000070fa00000, 0x000000070fa00000| Untracked 
| 109|0x000000070fc00000, 0x000000070fc00000, 0x000000070fe00000|  0%| F|  |TAMS 0x000000070fc00000, 0x000000070fc00000| Untracked 
| 110|0x000000070fe00000, 0x000000070fe00000, 0x0000000710000000|  0%| F|  |TAMS 0x000000070fe00000, 0x000000070fe00000| Untracked 
| 111|0x0000000710000000, 0x0000000710000000, 0x0000000710200000|  0%| F|  |TAMS 0x0000000710000000, 0x0000000710000000| Untracked 
| 112|0x0000000710200000, 0x0000000710200000, 0x0000000710400000|  0%| F|  |TAMS 0x0000000710200000, 0x0000000710200000| Untracked 
| 113|0x0000000710400000, 0x0000000710400000, 0x0000000710600000|  0%| F|  |TAMS 0x0000000710400000, 0x0000000710400000| Untracked 
| 114|0x0000000710600000, 0x0000000710600000, 0x0000000710800000|  0%| F|  |TAMS 0x0000000710600000, 0x0000000710600000| Untracked 
| 115|0x0000000710800000, 0x0000000710800000, 0x0000000710a00000|  0%| F|  |TAMS 0x0000000710800000, 0x0000000710800000| Untracked 
| 116|0x0000000710a00000, 0x0000000710a00000, 0x0000000710c00000|  0%| F|  |TAMS 0x0000000710a00000, 0x0000000710a00000| Untracked 
| 117|0x0000000710c00000, 0x0000000710c00000, 0x0000000710e00000|  0%| F|  |TAMS 0x0000000710c00000, 0x0000000710c00000| Untracked 
| 118|0x0000000710e00000, 0x0000000710e00000, 0x0000000711000000|  0%| F|  |TAMS 0x0000000710e00000, 0x0000000710e00000| Untracked 
| 119|0x0000000711000000, 0x0000000711000000, 0x0000000711200000|  0%| F|  |TAMS 0x0000000711000000, 0x0000000711000000| Untracked 
| 120|0x0000000711200000, 0x0000000711200000, 0x0000000711400000|  0%| F|  |TAMS 0x0000000711200000, 0x0000000711200000| Untracked 
| 121|0x0000000711400000, 0x0000000711400000, 0x0000000711600000|  0%| F|  |TAMS 0x0000000711400000, 0x0000000711400000| Untracked 
| 122|0x0000000711600000, 0x0000000711600000, 0x0000000711800000|  0%| F|  |TAMS 0x0000000711600000, 0x0000000711600000| Untracked 
| 123|0x0000000711800000, 0x0000000711800000, 0x0000000711a00000|  0%| F|  |TAMS 0x0000000711800000, 0x0000000711800000| Untracked 
| 124|0x0000000711a00000, 0x0000000711a00000, 0x0000000711c00000|  0%| F|  |TAMS 0x0000000711a00000, 0x0000000711a00000| Untracked 
| 125|0x0000000711c00000, 0x0000000711c00000, 0x0000000711e00000|  0%| F|  |TAMS 0x0000000711c00000, 0x0000000711c00000| Untracked 
| 126|0x0000000711e00000, 0x0000000711e00000, 0x0000000712000000|  0%| F|  |TAMS 0x0000000711e00000, 0x0000000711e00000| Untracked 
| 127|0x0000000712000000, 0x0000000712000000, 0x0000000712200000|  0%| F|  |TAMS 0x0000000712000000, 0x0000000712000000| Untracked 
| 128|0x0000000712200000, 0x0000000712200000, 0x0000000712400000|  0%| F|  |TAMS 0x0000000712200000, 0x0000000712200000| Untracked 
| 129|0x0000000712400000, 0x0000000712400000, 0x0000000712600000|  0%| F|  |TAMS 0x0000000712400000, 0x0000000712400000| Untracked 
| 130|0x0000000712600000, 0x0000000712600000, 0x0000000712800000|  0%| F|  |TAMS 0x0000000712600000, 0x0000000712600000| Untracked 
| 131|0x0000000712800000, 0x0000000712800000, 0x0000000712a00000|  0%| F|  |TAMS 0x0000000712800000, 0x0000000712800000| Untracked 
| 132|0x0000000712a00000, 0x0000000712a00000, 0x0000000712c00000|  0%| F|  |TAMS 0x0000000712a00000, 0x0000000712a00000| Untracked 
| 133|0x0000000712c00000, 0x0000000712c00000, 0x0000000712e00000|  0%| F|  |TAMS 0x0000000712c00000, 0x0000000712c00000| Untracked 
| 134|0x0000000712e00000, 0x0000000712e00000, 0x0000000713000000|  0%| F|  |TAMS 0x0000000712e00000, 0x0000000712e00000| Untracked 
| 135|0x0000000713000000, 0x0000000713000000, 0x0000000713200000|  0%| F|  |TAMS 0x0000000713000000, 0x0000000713000000| Untracked 
| 136|0x0000000713200000, 0x0000000713200000, 0x0000000713400000|  0%| F|  |TAMS 0x0000000713200000, 0x0000000713200000| Untracked 
| 137|0x0000000713400000, 0x0000000713400000, 0x0000000713600000|  0%| F|  |TAMS 0x0000000713400000, 0x0000000713400000| Untracked 
| 138|0x0000000713600000, 0x0000000713600000, 0x0000000713800000|  0%| F|  |TAMS 0x0000000713600000, 0x0000000713600000| Untracked 
| 139|0x0000000713800000, 0x0000000713800000, 0x0000000713a00000|  0%| F|  |TAMS 0x0000000713800000, 0x0000000713800000| Untracked 
| 140|0x0000000713a00000, 0x0000000713a00000, 0x0000000713c00000|  0%| F|  |TAMS 0x0000000713a00000, 0x0000000713a00000| Untracked 
| 141|0x0000000713c00000, 0x0000000713c00000, 0x0000000713e00000|  0%| F|  |TAMS 0x0000000713c00000, 0x0000000713c00000| Untracked 
| 142|0x0000000713e00000, 0x0000000713e00000, 0x0000000714000000|  0%| F|  |TAMS 0x0000000713e00000, 0x0000000713e00000| Untracked 
| 143|0x0000000714000000, 0x0000000714000000, 0x0000000714200000|  0%| F|  |TAMS 0x0000000714000000, 0x0000000714000000| Untracked 
| 144|0x0000000714200000, 0x0000000714200000, 0x0000000714400000|  0%| F|  |TAMS 0x0000000714200000, 0x0000000714200000| Untracked 
| 145|0x0000000714400000, 0x0000000714400000, 0x0000000714600000|  0%| F|  |TAMS 0x0000000714400000, 0x0000000714400000| Untracked 
| 146|0x0000000714600000, 0x0000000714600000, 0x0000000714800000|  0%| F|  |TAMS 0x0000000714600000, 0x0000000714600000| Untracked 
| 147|0x0000000714800000, 0x0000000714800000, 0x0000000714a00000|  0%| F|  |TAMS 0x0000000714800000, 0x0000000714800000| Untracked 
| 148|0x0000000714a00000, 0x0000000714a00000, 0x0000000714c00000|  0%| F|  |TAMS 0x0000000714a00000, 0x0000000714a00000| Untracked 
| 149|0x0000000714c00000, 0x0000000714d01010, 0x0000000714e00000| 50%| E|  |TAMS 0x0000000714c00000, 0x0000000714c00000| Complete 
| 150|0x0000000714e00000, 0x0000000715000000, 0x0000000715000000|100%| E|CS|TAMS 0x0000000714e00000, 0x0000000714e00000| Complete 
| 151|0x0000000715000000, 0x0000000715200000, 0x0000000715200000|100%| E|CS|TAMS 0x0000000715000000, 0x0000000715000000| Complete 
| 152|0x0000000715200000, 0x0000000715400000, 0x0000000715400000|100%| E|CS|TAMS 0x0000000715200000, 0x0000000715200000| Complete 
| 153|0x0000000715400000, 0x0000000715600000, 0x0000000715600000|100%| E|CS|TAMS 0x0000000715400000, 0x0000000715400000| Complete 
| 154|0x0000000715600000, 0x0000000715800000, 0x0000000715800000|100%| E|CS|TAMS 0x0000000715600000, 0x0000000715600000| Complete 
| 155|0x0000000715800000, 0x0000000715a00000, 0x0000000715a00000|100%| E|CS|TAMS 0x0000000715800000, 0x0000000715800000| Complete 

Card table byte_map: [0x0000023641fc0000,0x00000236427b0000] _byte_map_base: 0x000002363e7af000

Marking Bits (Prev, Next): (CMBitMap*) 0x000002362afcbda0, (CMBitMap*) 0x000002362afcbd60
 Prev Bits: [0x0000023646f20000, 0x000002364ae98000)
 Next Bits: [0x0000023642fa0000, 0x0000023646f18000)

Polling page: 0x0000023628cf0000

Metaspace:

Usage:
  Non-class:      5.13 MB used.
      Class:    378.32 KB used.
       Both:      5.50 MB used.

Virtual space:
  Non-class space:        8.00 MB reserved,       5.25 MB ( 66%) committed,  1 nodes.
      Class space:        1.00 GB reserved,     448.00 KB ( <1%) committed,  1 nodes.
             Both:        1.01 GB reserved,       5.69 MB ( <1%) committed. 

Chunk freelists:
   Non-Class:  380.00 KB
       Class:  3.46 MB
        Both:  3.83 MB

MaxMetaspaceSize: unlimited
CompressedClassSpaceSize: 1.00 GB
Initial GC threshold: 21.00 MB
Current GC threshold: 21.00 MB
CDS: on
MetaspaceReclaimPolicy: balanced
 - commit_granule_bytes: 65536.
 - commit_granule_words: 8192.
 - virtual_space_node_default_size: 1048576.
 - enlarge_chunks_in_place: 1.
 - new_chunks_are_fully_committed: 0.
 - uncommit_free_chunks: 1.
 - use_allocation_guard: 0.
 - handle_deallocations: 1.


Internal statistics:

num_allocs_failed_limit: 0.
num_arena_births: 66.
num_arena_deaths: 12.
num_vsnodes_births: 2.
num_vsnodes_deaths: 0.
num_space_committed: 89.
num_space_uncommitted: 0.
num_chunks_returned_to_freelist: 14.
num_chunks_taken_from_freelist: 225.
num_chunk_merges: 0.
num_chunk_splits: 160.
num_chunks_enlarged: 126.
num_purges: 2.
num_inconsistent_stats: 0.

CodeHeap 'non-profiled nmethods': size=120000Kb used=907Kb max_used=907Kb free=119092Kb
 bounds [0x000002363a2a0000, 0x000002363a510000, 0x00000236417d0000]
CodeHeap 'profiled nmethods': size=120000Kb used=2298Kb max_used=2298Kb free=117701Kb
 bounds [0x0000023632d70000, 0x0000023632fe0000, 0x000002363a2a0000]
CodeHeap 'non-nmethods': size=5760Kb used=1595Kb max_used=1644Kb free=4164Kb
 bounds [0x00000236327d0000, 0x0000023632a40000, 0x0000023632d70000]
 total_blobs=2375 nmethods=1352 adapters=936
 compilation: enabled
              stopped_count=0, restarted_count=0
 full_count=0

Compilation events (20 events):
Event: 530.042 Thread 0x000002364d3a42e0 1340       4       org.lwjgl.glfw.GLFW::glfwWindowShouldClose (29 bytes)
Event: 530.043 Thread 0x000002364d3a42e0 nmethod 1340 0x000002363a374b90 code [0x000002363a374d20, 0x000002363a374de8]
Event: 845.778 Thread 0x000002364d3a42e0 1341 % !   4       com.badlogic.gdx.backends.lwjgl3.Lwjgl3Application::loop @ 8 (468 bytes)
Event: 845.824 Thread 0x000002364d3a42e0 nmethod 1341% 0x000002363a374f10 code [0x000002363a375220, 0x000002363a377840]
Event: 922.629 Thread 0x000002364d3a42e0 1342 % !   4       com.badlogic.gdx.backends.lwjgl3.Lwjgl3Application::loop @ 52 (468 bytes)
Event: 922.670 Thread 0x000002364d3a42e0 nmethod 1342% 0x000002363a378f90 code [0x000002363a3792a0, 0x000002363a37b980]
Event: 1092.142 Thread 0x000002364d3a42e0 1343       4       com.badlogic.gdx.backends.lwjgl3.Sync::getTime (9 bytes)
Event: 1092.142 Thread 0x000002364d3a42e0 nmethod 1343 0x000002363a37d090 code [0x000002363a37d240, 0x000002363a37d308]
Event: 1092.160 Thread 0x000002364dd300d0 1344   !   3       com.badlogic.gdx.backends.lwjgl3.Sync::sync (145 bytes)
Event: 1092.160 Thread 0x000002364dd300d0 nmethod 1344 0x0000023632fa8890 code [0x0000023632fa8c00, 0x0000023632fa9868]
Event: 1100.755 Thread 0x000002364dd300d0 1345 % !   3       com.badlogic.gdx.backends.lwjgl3.Lwjgl3Application::loop @ 52 (468 bytes)
Event: 1100.756 Thread 0x000002364dd300d0 nmethod 1345% 0x0000023632fa9f90 code [0x0000023632faa440, 0x0000023632facf48]
Event: 1109.321 Thread 0x000002364d3a42e0 1346   !   4       com.badlogic.gdx.backends.lwjgl3.Sync::sync (145 bytes)
Event: 1109.334 Thread 0x000002364d3a42e0 nmethod 1346 0x000002363a37d410 code [0x000002363a37d6c0, 0x000002363a37e370]
Event: 1486.042 Thread 0x000002364d3a42e0 1347 % !   4       com.badlogic.gdx.backends.lwjgl3.Lwjgl3Application::loop @ 52 (468 bytes)
Event: 1486.072 Thread 0x000002364d3a42e0 nmethod 1347% 0x000002363a37ec10 code [0x000002363a37eea0, 0x000002363a380f20]
Event: 3006.256 Thread 0x000002364dd300d0 1349       3       java.lang.ref.ReferenceQueue::reallyPoll (65 bytes)
Event: 3006.266 Thread 0x000002364dd300d0 nmethod 1349 0x0000023632fadf10 code [0x0000023632fae0e0, 0x0000023632fae638]
Event: 5439.786 Thread 0x000002364dd300d0 1351       3       java.lang.ref.Reference::enqueueFromPending (19 bytes)
Event: 5439.833 Thread 0x000002364dd300d0 nmethod 1351 0x0000023632fae710 code [0x0000023632fae8c0, 0x0000023632faeae8]

GC Heap History (20 events):
Event: 7012.601 GC heap before
{Heap before GC invocations=237 (full 0):
 garbage-first heap   total 266240K, used 233133K [0x0000000702200000, 0x0000000800000000)
  region size 2048K, 40 young (81920K), 3 survivors (6144K)
 Metaspace       used 5629K, committed 5824K, reserved 1056768K
  class space    used 378K, committed 448K, reserved 1048576K
}
Event: 7012.628 GC heap after
{Heap after GC invocations=238 (full 0):
 garbage-first heap   total 319488K, used 157872K [0x0000000702200000, 0x0000000800000000)
  region size 2048K, 3 young (6144K), 3 survivors (6144K)
 Metaspace       used 5629K, committed 5824K, reserved 1056768K
  class space    used 378K, committed 448K, reserved 1048576K
}
Event: 7049.619 GC heap before
{Heap before GC invocations=238 (full 0):
 garbage-first heap   total 319488K, used 278704K [0x0000000702200000, 0x0000000800000000)
  region size 2048K, 62 young (126976K), 3 survivors (6144K)
 Metaspace       used 5629K, committed 5824K, reserved 1056768K
  class space    used 378K, committed 448K, reserved 1048576K
}
Event: 7049.673 GC heap after
{Heap after GC invocations=239 (full 0):
 garbage-first heap   total 319488K, used 158823K [0x0000000702200000, 0x0000000800000000)
  region size 2048K, 4 young (8192K), 4 survivors (8192K)
 Metaspace       used 5629K, committed 5824K, reserved 1056768K
  class space    used 378K, committed 448K, reserved 1048576K
}
Event: 7085.782 GC heap before
{Heap before GC invocations=240 (full 0):
 garbage-first heap   total 319488K, used 275559K [0x0000000702200000, 0x0000000800000000)
  region size 2048K, 61 young (124928K), 4 survivors (8192K)
 Metaspace       used 5629K, committed 5824K, reserved 1056768K
  class space    used 378K, committed 448K, reserved 1048576K
}
Event: 7085.819 GC heap after
{Heap after GC invocations=241 (full 0):
 garbage-first heap   total 319488K, used 159513K [0x0000000702200000, 0x0000000800000000)
  region size 2048K, 4 young (8192K), 4 survivors (8192K)
 Metaspace       used 5629K, committed 5824K, reserved 1056768K
  class space    used 378K, committed 448K, reserved 1048576K
}
Event: 7121.754 GC heap before
{Heap before GC invocations=241 (full 0):
 garbage-first heap   total 319488K, used 276249K [0x0000000702200000, 0x0000000800000000)
  region size 2048K, 61 young (124928K), 4 survivors (8192K)
 Metaspace       used 5629K, committed 5824K, reserved 1056768K
  class space    used 378K, committed 448K, reserved 1048576K
}
Event: 7121.834 GC heap after
{Heap after GC invocations=242 (full 0):
 garbage-first heap   total 319488K, used 160047K [0x0000000702200000, 0x0000000800000000)
  region size 2048K, 4 young (8192K), 4 survivors (8192K)
 Metaspace       used 5629K, committed 5824K, reserved 1056768K
  class space    used 378K, committed 448K, reserved 1048576K
}
Event: 7157.759 GC heap before
{Heap before GC invocations=243 (full 0):
 garbage-first heap   total 319488K, used 276783K [0x0000000702200000, 0x0000000800000000)
  region size 2048K, 61 young (124928K), 4 survivors (8192K)
 Metaspace       used 5629K, committed 5824K, reserved 1056768K
  class space    used 378K, committed 448K, reserved 1048576K
}
Event: 7157.847 GC heap after
{Heap after GC invocations=244 (full 0):
 garbage-first heap   total 319488K, used 161257K [0x0000000702200000, 0x0000000800000000)
  region size 2048K, 5 young (10240K), 5 survivors (10240K)
 Metaspace       used 5629K, committed 5824K, reserved 1056768K
  class space    used 378K, committed 448K, reserved 1048576K
}
Event: 7192.457 GC heap before
{Heap before GC invocations=244 (full 0):
 garbage-first heap   total 319488K, used 273897K [0x0000000702200000, 0x0000000800000000)
  region size 2048K, 60 young (122880K), 5 survivors (10240K)
 Metaspace       used 5629K, committed 5824K, reserved 1056768K
  class space    used 378K, committed 448K, reserved 1048576K
}
Event: 7192.504 GC heap after
{Heap after GC invocations=245 (full 0):
 garbage-first heap   total 319488K, used 161773K [0x0000000702200000, 0x0000000800000000)
  region size 2048K, 5 young (10240K), 5 survivors (10240K)
 Metaspace       used 5629K, committed 5824K, reserved 1056768K
  class space    used 378K, committed 448K, reserved 1048576K
}
Event: 7227.813 GC heap before
{Heap before GC invocations=246 (full 0):
 garbage-first heap   total 319488K, used 274413K [0x0000000702200000, 0x0000000800000000)
  region size 2048K, 60 young (122880K), 5 survivors (10240K)
 Metaspace       used 5629K, committed 5824K, reserved 1056768K
  class space    used 378K, committed 448K, reserved 1048576K
}
Event: 7227.864 GC heap after
{Heap after GC invocations=247 (full 0):
 garbage-first heap   total 319488K, used 162290K [0x0000000702200000, 0x0000000800000000)
  region size 2048K, 5 young (10240K), 5 survivors (10240K)
 Metaspace       used 5629K, committed 5824K, reserved 1056768K
  class space    used 378K, committed 448K, reserved 1048576K
}
Event: 7262.706 GC heap before
{Heap before GC invocations=247 (full 0):
 garbage-first heap   total 319488K, used 274930K [0x0000000702200000, 0x0000000800000000)
  region size 2048K, 60 young (122880K), 5 survivors (10240K)
 Metaspace       used 5629K, committed 5824K, reserved 1056768K
  class space    used 378K, committed 448K, reserved 1048576K
}
Event: 7262.767 GC heap after
{Heap after GC invocations=248 (full 0):
 garbage-first heap   total 319488K, used 163616K [0x0000000702200000, 0x0000000800000000)
  region size 2048K, 5 young (10240K), 5 survivors (10240K)
 Metaspace       used 5629K, committed 5824K, reserved 1056768K
  class space    used 378K, committed 448K, reserved 1048576K
}
Event: 7297.204 GC heap before
{Heap before GC invocations=249 (full 0):
 garbage-first heap   total 319488K, used 274208K [0x0000000702200000, 0x0000000800000000)
  region size 2048K, 59 young (120832K), 5 survivors (10240K)
 Metaspace       used 5629K, committed 5824K, reserved 1056768K
  class space    used 378K, committed 448K, reserved 1048576K
}
Event: 7297.345 GC heap after
{Heap after GC invocations=250 (full 0):
 garbage-first heap   total 319488K, used 164212K [0x0000000702200000, 0x0000000800000000)
  region size 2048K, 5 young (10240K), 5 survivors (10240K)
 Metaspace       used 5629K, committed 5824K, reserved 1056768K
  class space    used 378K, committed 448K, reserved 1048576K
}
Event: 7332.495 GC heap before
{Heap before GC invocations=250 (full 0):
 garbage-first heap   total 319488K, used 274804K [0x0000000702200000, 0x0000000800000000)
  region size 2048K, 59 young (120832K), 5 survivors (10240K)
 Metaspace       used 5629K, committed 5824K, reserved 1056768K
  class space    used 378K, committed 448K, reserved 1048576K
}
Event: 7332.578 GC heap after
{Heap after GC invocations=251 (full 0):
 garbage-first heap   total 319488K, used 164295K [0x0000000702200000, 0x0000000800000000)
  region size 2048K, 5 young (10240K), 5 survivors (10240K)
 Metaspace       used 5629K, committed 5824K, reserved 1056768K
  class space    used 378K, committed 448K, reserved 1048576K
}

Deoptimization events (20 events):
Event: 28.846 Thread 0x000002362af7dba0 Uncommon trap: trap_request=0xffffff45 fr.pc=0x000002363a34028c relative=0x000000000000008c
Event: 28.846 Thread 0x000002362af7dba0 Uncommon trap: reason=unstable_if action=reinterpret pc=0x000002363a34028c method=java.util.Arrays.fill([Ljava/lang/Object;IILjava/lang/Object;)V @ 13 c2
Event: 28.846 Thread 0x000002362af7dba0 DEOPT PACKING pc=0x000002363a34028c sp=0x00000069f96ff110
Event: 28.846 Thread 0x000002362af7dba0 DEOPT UNPACKING pc=0x00000236328223a3 sp=0x00000069f96ff020 mode 2
Event: 914.095 Thread 0x000002362af7dba0 DEOPT PACKING pc=0x0000023632fa343a sp=0x00000069f96ff180
Event: 914.095 Thread 0x000002362af7dba0 DEOPT UNPACKING pc=0x0000023632822b43 sp=0x00000069f96fe6b8 mode 0
Event: 1092.141 Thread 0x000002362af7dba0 Uncommon trap: trap_request=0xffffff45 fr.pc=0x000002363a37ad0c relative=0x0000000000001a6c
Event: 1092.141 Thread 0x000002362af7dba0 Uncommon trap: reason=unstable_if action=reinterpret pc=0x000002363a37ad0c method=com.badlogic.gdx.backends.lwjgl3.Sync.sync(I)V @ 90 c2
Event: 1092.142 Thread 0x000002362af7dba0 DEOPT PACKING pc=0x000002363a37ad0c sp=0x00000069f96ff200
Event: 1092.142 Thread 0x000002362af7dba0 DEOPT UNPACKING pc=0x00000236328223a3 sp=0x00000069f96ff138 mode 2
Event: 1092.157 Thread 0x000002362af7dba0 Uncommon trap: trap_request=0xffffff45 fr.pc=0x000002363a37410c relative=0x00000000000004ec
Event: 1092.157 Thread 0x000002362af7dba0 Uncommon trap: reason=unstable_if action=reinterpret pc=0x000002363a37410c method=com.badlogic.gdx.backends.lwjgl3.Sync.sync(I)V @ 35 c2
Event: 1092.157 Thread 0x000002362af7dba0 DEOPT PACKING pc=0x000002363a37410c sp=0x00000069f96ff190
Event: 1092.157 Thread 0x000002362af7dba0 DEOPT UNPACKING pc=0x00000236328223a3 sp=0x00000069f96ff120 mode 2
Event: 1554.493 Thread 0x000002362af7dba0 DEOPT PACKING pc=0x0000023632faca4b sp=0x00000069f96ff170
Event: 1554.493 Thread 0x000002362af7dba0 DEOPT UNPACKING pc=0x0000023632822b43 sp=0x00000069f96fe6b8 mode 0
Event: 2187.305 Thread 0x000002362af7dba0 Uncommon trap: trap_request=0xffffff45 fr.pc=0x000002363a376cc0 relative=0x0000000000001aa0
Event: 2187.305 Thread 0x000002362af7dba0 Uncommon trap: reason=unstable_if action=reinterpret pc=0x000002363a376cc0 method=com.badlogic.gdx.backends.lwjgl3.Sync.sync(I)V @ 90 c2
Event: 2187.305 Thread 0x000002362af7dba0 DEOPT PACKING pc=0x000002363a376cc0 sp=0x00000069f96ff200
Event: 2187.305 Thread 0x000002362af7dba0 DEOPT UNPACKING pc=0x00000236328223a3 sp=0x00000069f96ff138 mode 2

Classes unloaded (6 events):
Event: 5439.529 Thread 0x000002364d37b810 Unloading class 0x0000000800c18800 'java/lang/invoke/LambdaForm$DMH+0x0000000800c18800'
Event: 5439.529 Thread 0x000002364d37b810 Unloading class 0x0000000800c13800 'java/lang/invoke/LambdaForm$DMH+0x0000000800c13800'
Event: 5439.529 Thread 0x000002364d37b810 Unloading class 0x0000000800c12c00 'java/lang/invoke/LambdaForm$DMH+0x0000000800c12c00'
Event: 5439.530 Thread 0x000002364d37b810 Unloading class 0x0000000800c12400 'java/lang/invoke/LambdaForm$MH+0x0000000800c12400'
Event: 5439.531 Thread 0x000002364d37b810 Unloading class 0x0000000800c11800 'java/lang/invoke/LambdaForm$MH+0x0000000800c11800'
Event: 5439.531 Thread 0x000002364d37b810 Unloading class 0x0000000800c0d400 'java/lang/invoke/LambdaForm$MH+0x0000000800c0d400'

Classes redefined (0 events):
No events

Internal exceptions (20 events):
Event: 0.247 Thread 0x000002362af7dba0 Exception <a 'java/lang/NoSuchMethodError'{0x000000071182e768}: 'int java.lang.invoke.DirectMethodHandle$Holder.invokeSpecial(java.lang.Object, java.lang.Object, java.lang.Object)'> (0x000000071182e768) 
thrown [t:\workspace\open\src\hotspot\share\interpreter\linkResolver.cpp, line 766]
Event: 0.280 Thread 0x000002362af7dba0 Exception <a 'sun/nio/fs/WindowsException'{0x00000007118cb678}> (0x00000007118cb678) 
thrown [t:\workspace\open\src\hotspot\share\prims\jni.cpp, line 516]
Event: 0.280 Thread 0x000002362af7dba0 Exception <a 'sun/nio/fs/WindowsException'{0x00000007118cbbc8}> (0x00000007118cbbc8) 
thrown [t:\workspace\open\src\hotspot\share\prims\jni.cpp, line 516]
Event: 0.291 Thread 0x000002362af7dba0 Exception <a 'java/lang/NoSuchMethodError'{0x000000071190bfd8}: 'int java.lang.invoke.DirectMethodHandle$Holder.invokeStaticInit(java.lang.Object, java.lang.Object, int, long)'> (0x000000071190bfd8) 
thrown [t:\workspace\open\src\hotspot\share\interpreter\linkResolver.cpp, line 766]
Event: 0.291 Thread 0x000002362af7dba0 Exception <a 'java/lang/NoSuchMethodError'{0x00000007119118a0}: 'java.lang.Object java.lang.invoke.DirectMethodHandle$Holder.newInvokeSpecial(java.lang.Object, java.lang.Object, int)'> (0x00000007119118a0) 
thrown [t:\workspace\open\src\hotspot\share\interpreter\linkResolver.cpp, line 766]
Event: 0.293 Thread 0x000002362af7dba0 Exception <a 'java/lang/NoSuchMethodError'{0x00000007119262b8}: 'int java.lang.invoke.DirectMethodHandle$Holder.invokeStaticInit(java.lang.Object, java.lang.Object, long, long)'> (0x00000007119262b8) 
thrown [t:\workspace\open\src\hotspot\share\interpreter\linkResolver.cpp, line 766]
Event: 0.294 Thread 0x000002362af7dba0 Exception <a 'java/lang/NoSuchMethodError'{0x000000071192c3c8}: 'java.lang.Object java.lang.invoke.DirectMethodHandle$Holder.newInvokeSpecial(java.lang.Object, java.lang.Object, long)'> (0x000000071192c3c8) 
thrown [t:\workspace\open\src\hotspot\share\interpreter\linkResolver.cpp, line 766]
Event: 0.294 Thread 0x000002362af7dba0 Exception <a 'java/lang/NoSuchMethodError'{0x0000000711930410}: 'java.lang.Object java.lang.invoke.Invokers$Holder.linkToTargetMethod(java.lang.Object, long, java.lang.Object)'> (0x0000000711930410) 
thrown [t:\workspace\open\src\hotspot\share\interpreter\linkResolver.cpp, line 766]
Event: 0.295 Thread 0x000002362af7dba0 Exception <a 'java/lang/NoSuchMethodError'{0x0000000711937b28}: 'int java.lang.invoke.DirectMethodHandle$Holder.invokeStaticInit(java.lang.Object, java.lang.Object, java.lang.Object, long)'> (0x0000000711937b28) 
thrown [t:\workspace\open\src\hotspot\share\interpreter\linkResolver.cpp, line 766]
Event: 0.313 Thread 0x000002362af7dba0 Exception <a 'sun/nio/fs/WindowsException'{0x00000007119ed140}> (0x00000007119ed140) 
thrown [t:\workspace\open\src\hotspot\share\prims\jni.cpp, line 516]
Event: 0.313 Thread 0x000002362af7dba0 Exception <a 'sun/nio/fs/WindowsException'{0x00000007119ed4d0}> (0x00000007119ed4d0) 
thrown [t:\workspace\open\src\hotspot\share\prims\jni.cpp, line 516]
Event: 0.334 Thread 0x000002362af7dba0 Exception <a 'sun/nio/fs/WindowsException'{0x00000007116ad7a0}> (0x00000007116ad7a0) 
thrown [t:\workspace\open\src\hotspot\share\prims\jni.cpp, line 516]
Event: 0.334 Thread 0x000002362af7dba0 Exception <a 'sun/nio/fs/WindowsException'{0x00000007116adb00}> (0x00000007116adb00) 
thrown [t:\workspace\open\src\hotspot\share\prims\jni.cpp, line 516]
Event: 0.372 Thread 0x000002362af7dba0 Exception <a 'sun/nio/fs/WindowsException'{0x000000071173c650}> (0x000000071173c650) 
thrown [t:\workspace\open\src\hotspot\share\prims\jni.cpp, line 516]
Event: 0.373 Thread 0x000002362af7dba0 Exception <a 'sun/nio/fs/WindowsException'{0x000000071173c9d0}> (0x000000071173c9d0) 
thrown [t:\workspace\open\src\hotspot\share\prims\jni.cpp, line 516]
Event: 0.435 Thread 0x000002362af7dba0 Exception <a 'java/lang/NoSuchMethodError'{0x00000007117870b0}: 'java.lang.Object java.lang.invoke.DirectMethodHandle$Holder.newInvokeSpecial(java.lang.Object, long)'> (0x00000007117870b0) 
thrown [t:\workspace\open\src\hotspot\share\interpreter\linkResolver.cpp, line 766]
Event: 0.528 Thread 0x000002362af7dba0 Exception <a 'sun/nio/fs/WindowsException'{0x00000007114abdf8}> (0x00000007114abdf8) 
thrown [t:\workspace\open\src\hotspot\share\prims\jni.cpp, line 516]
Event: 0.528 Thread 0x000002362af7dba0 Exception <a 'sun/nio/fs/WindowsException'{0x00000007114ac1a0}> (0x00000007114ac1a0) 
thrown [t:\workspace\open\src\hotspot\share\prims\jni.cpp, line 516]
Event: 0.532 Thread 0x000002362af7dba0 Exception <a 'sun/nio/fs/WindowsException'{0x00000007114bb150}> (0x00000007114bb150) 
thrown [t:\workspace\open\src\hotspot\share\prims\jni.cpp, line 516]
Event: 0.532 Thread 0x000002362af7dba0 Exception <a 'sun/nio/fs/WindowsException'{0x00000007114bb430}> (0x00000007114bb430) 
thrown [t:\workspace\open\src\hotspot\share\prims\jni.cpp, line 516]

VM Operations (20 events):
Event: 7193.149 Executing VM operation: G1Concurrent
Event: 7193.281 Executing VM operation: G1Concurrent done
Event: 7193.369 Executing VM operation: G1Concurrent
Event: 7193.369 Executing VM operation: G1Concurrent done
Event: 7227.812 Executing VM operation: G1CollectForAllocation
Event: 7227.865 Executing VM operation: G1CollectForAllocation done
Event: 7262.690 Executing VM operation: G1CollectForAllocation
Event: 7262.767 Executing VM operation: G1CollectForAllocation done
Event: 7263.302 Executing VM operation: G1Concurrent
Event: 7263.338 Executing VM operation: G1Concurrent done
Event: 7263.424 Executing VM operation: G1Concurrent
Event: 7263.425 Executing VM operation: G1Concurrent done
Event: 7297.187 Executing VM operation: G1CollectForAllocation
Event: 7297.345 Executing VM operation: G1CollectForAllocation done
Event: 7332.493 Executing VM operation: G1CollectForAllocation
Event: 7332.579 Executing VM operation: G1CollectForAllocation done
Event: 7333.445 Executing VM operation: G1Concurrent
Event: 7333.518 Executing VM operation: G1Concurrent done
Event: 7333.609 Executing VM operation: G1Concurrent
Event: 7333.614 Executing VM operation: G1Concurrent done

Events (20 events):
Event: 0.639 loading class java/util/NoSuchElementException done
Event: 0.705 loading class java/io/UnsupportedEncodingException
Event: 0.706 loading class java/io/UnsupportedEncodingException done
Event: 0.709 loading class sun/net/ProgressMonitor
Event: 0.709 loading class sun/net/ProgressMonitor done
Event: 0.709 loading class sun/net/DefaultProgressMeteringPolicy
Event: 0.709 loading class sun/net/ProgressMeteringPolicy
Event: 0.710 loading class sun/net/ProgressMeteringPolicy done
Event: 0.710 loading class sun/net/DefaultProgressMeteringPolicy done
Event: 0.730 loading class java/io/FileReader
Event: 0.730 loading class java/io/FileReader done
Event: 0.751 Loaded shared library D:\Visual Studio Code\jdk-17.0.2\bin\verify.dll
Event: 0.751 loading class java/io/StringReader
Event: 0.751 loading class java/io/StringReader done
Event: 0.752 loading class java/lang/ArrayIndexOutOfBoundsException
Event: 0.752 loading class java/lang/ArrayIndexOutOfBoundsException done
Event: 0.837 Thread 0x000002364fef99c0 Thread exited: 0x000002364fef99c0
Event: 0.902 Thread 0x0000023650408d50 Thread added: 0x0000023650408d50
Event: 25.757 loading class java/net/Proxy
Event: 25.757 loading class java/net/Proxy done


Dynamic libraries:
0x00007ff6987b0000 - 0x00007ff6987c0000 	D:\Visual Studio Code\jdk-17.0.2\bin\java.exe
0x00007ff8c92b0000 - 0x00007ff8c94a8000 	C:\WINDOWS\SYSTEM32\ntdll.dll
0x00007ff8c7420000 - 0x00007ff8c74df000 	C:\WINDOWS\System32\KERNEL32.DLL
0x00007ff8c6df0000 - 0x00007ff8c70c2000 	C:\WINDOWS\System32\KERNELBASE.dll
0x00007ff8c69d0000 - 0x00007ff8c6ad0000 	C:\WINDOWS\System32\ucrtbase.dll
0x00007ff8c2240000 - 0x00007ff8c2258000 	D:\Visual Studio Code\jdk-17.0.2\bin\jli.dll
0x00007ff8c7f20000 - 0x00007ff8c7fce000 	C:\WINDOWS\System32\ADVAPI32.dll
0x00007ff8c9120000 - 0x00007ff8c91be000 	C:\WINDOWS\System32\msvcrt.dll
0x00007ff8c8c50000 - 0x00007ff8c8cec000 	C:\WINDOWS\System32\sechost.dll
0x00007ff8c8720000 - 0x00007ff8c8845000 	C:\WINDOWS\System32\RPCRT4.dll
0x00007ff8c75a0000 - 0x00007ff8c7741000 	C:\WINDOWS\System32\USER32.dll
0x00007ff8c69a0000 - 0x00007ff8c69c2000 	C:\WINDOWS\System32\win32u.dll
0x00007ff8c79d0000 - 0x00007ff8c79fb000 	C:\WINDOWS\System32\GDI32.dll
0x00007ff8c7100000 - 0x00007ff8c720f000 	C:\WINDOWS\System32\gdi32full.dll
0x00007ff8c6bf0000 - 0x00007ff8c6c8d000 	C:\WINDOWS\System32\msvcp_win.dll
0x00007ff8c2220000 - 0x00007ff8c223a000 	D:\Visual Studio Code\jdk-17.0.2\bin\VCRUNTIME140.dll
0x00007ff8b2ad0000 - 0x00007ff8b2d6a000 	C:\WINDOWS\WinSxS\amd64_microsoft.windows.common-controls_6595b64144ccf1df_6.0.19041.1110_none_60b5254171f9507e\COMCTL32.dll
0x00007ff8c0b30000 - 0x00007ff8c0b3a000 	C:\WINDOWS\SYSTEM32\VERSION.dll
0x00007ff8c7840000 - 0x00007ff8c7872000 	C:\WINDOWS\System32\IMM32.DLL
0x00007ff8c2210000 - 0x00007ff8c221c000 	D:\Visual Studio Code\jdk-17.0.2\bin\vcruntime140_1.dll
0x00007ff8bd020000 - 0x00007ff8bd0ad000 	D:\Visual Studio Code\jdk-17.0.2\bin\msvcp140.dll
0x00007ff83d0e0000 - 0x00007ff83dca1000 	D:\Visual Studio Code\jdk-17.0.2\bin\server\jvm.dll
0x00007ff8c8d90000 - 0x00007ff8c8d98000 	C:\WINDOWS\System32\PSAPI.DLL
0x00007ff8c2410000 - 0x00007ff8c2419000 	C:\WINDOWS\SYSTEM32\WSOCK32.dll
0x00007ff8b4650000 - 0x00007ff8b4677000 	C:\WINDOWS\SYSTEM32\WINMM.dll
0x00007ff8c7960000 - 0x00007ff8c79cb000 	C:\WINDOWS\System32\WS2_32.dll
0x00007ff8c47a0000 - 0x00007ff8c47b2000 	C:\WINDOWS\SYSTEM32\kernel.appcore.dll
0x00007ff8c2200000 - 0x00007ff8c220a000 	D:\Visual Studio Code\jdk-17.0.2\bin\jimage.dll
0x00007ff8b2dd0000 - 0x00007ff8b2fb4000 	C:\WINDOWS\SYSTEM32\DBGHELP.DLL
0x00007ff8ab260000 - 0x00007ff8ab295000 	C:\WINDOWS\SYSTEM32\dbgcore.DLL
0x00007ff8c7260000 - 0x00007ff8c72e2000 	C:\WINDOWS\System32\bcryptPrimitives.dll
0x00007ff8c21d0000 - 0x00007ff8c21f5000 	D:\Visual Studio Code\jdk-17.0.2\bin\java.dll
0x00007ff8bcf40000 - 0x00007ff8bd016000 	D:\Visual Studio Code\jdk-17.0.2\bin\jsvml.dll
0x00007ff8c7fd0000 - 0x00007ff8c8714000 	C:\WINDOWS\System32\SHELL32.dll
0x00007ff8c4a80000 - 0x00007ff8c5212000 	C:\WINDOWS\SYSTEM32\windows.storage.dll
0x00007ff8c8da0000 - 0x00007ff8c90f5000 	C:\WINDOWS\System32\combase.dll
0x00007ff8c6320000 - 0x00007ff8c6350000 	C:\WINDOWS\SYSTEM32\Wldp.dll
0x00007ff8c7e70000 - 0x00007ff8c7f1d000 	C:\WINDOWS\System32\SHCORE.dll
0x00007ff8c7540000 - 0x00007ff8c7595000 	C:\WINDOWS\System32\shlwapi.dll
0x00007ff8c68e0000 - 0x00007ff8c68ff000 	C:\WINDOWS\SYSTEM32\profapi.dll
0x00007ff8c1cc0000 - 0x00007ff8c1cd9000 	D:\Visual Studio Code\jdk-17.0.2\bin\net.dll
0x00007ff8bef40000 - 0x00007ff8bf04c000 	C:\WINDOWS\SYSTEM32\WINHTTP.dll
0x00007ff8c6080000 - 0x00007ff8c60ea000 	C:\WINDOWS\system32\mswsock.dll
0x00007ff8c1ca0000 - 0x00007ff8c1cb6000 	D:\Visual Studio Code\jdk-17.0.2\bin\nio.dll
0x00007ff8c0900000 - 0x00007ff8c0918000 	D:\Visual Studio Code\jdk-17.0.2\bin\zip.dll
0x0000000054190000 - 0x00000000541b9000 	C:\Users\tomfe\AppData\Local\Temp\libgdxtomfe\e787ab0a\gdx64.dll
0x00007ff897d80000 - 0x00007ff897df5000 	C:\Users\tomfe\AppData\Local\Temp\lwjgltomfe\3.3.1-build-7\lwjgl.dll
0x00007ff877b40000 - 0x00007ff877d99000 	C:\Users\tomfe\AppData\Local\Temp\lwjgltomfe\3.3.1-build-7\jemalloc.dll
0x00007ff895f00000 - 0x00007ff895f61000 	C:\Users\tomfe\AppData\Local\Temp\lwjgltomfe\3.3.1-build-7\glfw.dll
0x00007ff8a84d0000 - 0x00007ff8a8515000 	C:\WINDOWS\SYSTEM32\dinput8.dll
0x00007ff8ac9e0000 - 0x00007ff8ac9f1000 	C:\WINDOWS\SYSTEM32\xinput1_4.dll
0x00007ff8c7210000 - 0x00007ff8c725e000 	C:\WINDOWS\System32\cfgmgr32.dll
0x00007ff8c6670000 - 0x00007ff8c669c000 	C:\WINDOWS\SYSTEM32\DEVOBJ.dll
0x00007ff8c4770000 - 0x00007ff8c479f000 	C:\WINDOWS\SYSTEM32\dwmapi.dll
0x00007ff8bd3b0000 - 0x00007ff8bd502000 	C:\WINDOWS\SYSTEM32\inputhost.dll
0x00007ff8c8b80000 - 0x00007ff8c8c4d000 	C:\WINDOWS\System32\OLEAUT32.dll
0x00007ff8c3480000 - 0x00007ff8c35d4000 	C:\WINDOWS\SYSTEM32\wintypes.dll
0x00007ff8c3eb0000 - 0x00007ff8c3fa2000 	C:\WINDOWS\SYSTEM32\CoreMessaging.dll
0x00007ff8c3b50000 - 0x00007ff8c3eae000 	C:\WINDOWS\SYSTEM32\CoreUIComponents.dll
0x00007ff8c2520000 - 0x00007ff8c2616000 	C:\WINDOWS\SYSTEM32\PROPSYS.dll
0x00007ff8c5ac0000 - 0x00007ff8c5af3000 	C:\WINDOWS\SYSTEM32\ntmarta.dll
0x00007ff8c43b0000 - 0x00007ff8c444e000 	C:\WINDOWS\system32\uxtheme.dll
0x00007ff8c8850000 - 0x00007ff8c8965000 	C:\WINDOWS\System32\MSCTF.dll
0x00007ff88aec0000 - 0x00007ff88b057000 	C:\Users\tomfe\AppData\Local\Temp\lwjgltomfe\3.3.1-build-7\OpenAL.dll
0x00007ff8c72f0000 - 0x00007ff8c741a000 	C:\WINDOWS\System32\ole32.dll
0x00007ff8c91c0000 - 0x00007ff8c926f000 	C:\WINDOWS\System32\clbcatq.dll
0x00007ff8c19d0000 - 0x00007ff8c1a55000 	C:\WINDOWS\System32\MMDevApi.dll
0x00007ff8c1d60000 - 0x00007ff8c1ee2000 	C:\WINDOWS\SYSTEM32\AUDIOSES.DLL
0x00007ff8c6810000 - 0x00007ff8c685b000 	C:\WINDOWS\SYSTEM32\powrprof.dll
0x00007ff8c67f0000 - 0x00007ff8c6802000 	C:\WINDOWS\SYSTEM32\UMPDC.dll
0x00007ff8c4480000 - 0x00007ff8c4494000 	C:\WINDOWS\SYSTEM32\resourcepolicyclient.dll
0x00007ff8b9da0000 - 0x00007ff8b9ec5000 	C:\WINDOWS\SYSTEM32\opengl32.dll
0x00007ff8be360000 - 0x00007ff8be38c000 	C:\WINDOWS\SYSTEM32\GLU32.dll
0x00007ff8c0a30000 - 0x00007ff8c0b27000 	C:\Windows\System32\AppXDeploymentClient.dll
0x00007ff8764f0000 - 0x00007ff877595000 	C:\WINDOWS\System32\DriverStore\FileRepository\iigd_dch.inf_amd64_51f685305808e3a5\ig9icd64.dll
0x00007ff8c5260000 - 0x00007ff8c5353000 	C:\WINDOWS\system32\dxgi.dll
0x00007ff88dee0000 - 0x00007ff88e00c000 	C:\WINDOWS\System32\DriverStore\FileRepository\iigd_dch.inf_amd64_51f685305808e3a5\igdml64.dll
0x00007ff8bdab0000 - 0x00007ff8bdeb9000 	C:\WINDOWS\System32\DriverStore\FileRepository\iigd_dch.inf_amd64_51f685305808e3a5\igdgmm64.dll
0x00007ff883800000 - 0x00007ff886f94000 	C:\WINDOWS\System32\DriverStore\FileRepository\iigd_dch.inf_amd64_51f685305808e3a5\igc64.dll
0x00007ff895710000 - 0x00007ff89576d000 	C:\Users\tomfe\AppData\Local\Temp\lwjgltomfe\3.3.1-build-7\lwjgl_opengl.dll
0x00007ff8bd2b0000 - 0x00007ff8bd3a9000 	C:\WINDOWS\SYSTEM32\textinputframework.dll
0x00007ff8bdf50000 - 0x00007ff8bdf60000 	D:\Visual Studio Code\jdk-17.0.2\bin\verify.dll

dbghelp: loaded successfully - version: 4.0.5 - missing functions: none
symbol engine: initialized successfully - sym options: 0x614 - pdb path: .;D:\Visual Studio Code\jdk-17.0.2\bin;C:\WINDOWS\SYSTEM32;C:\WINDOWS\WinSxS\amd64_microsoft.windows.common-controls_6595b64144ccf1df_6.0.19041.1110_none_60b5254171f9507e;D:\Visual Studio Code\jdk-17.0.2\bin\server;C:\Users\tomfe\AppData\Local\Temp\libgdxtomfe\e787ab0a;C:\Users\tomfe\AppData\Local\Temp\lwjgltomfe\3.3.1-build-7;C:\WINDOWS\System32\DriverStore\FileRepository\iigd_dch.inf_amd64_51f685305808e3a5

VM Arguments:
jvm_args: -Dfile.encoding=windows-1252 -Duser.country=GB -Duser.language=en -Duser.variant 
java_command: com.mygdx.game.DesktopLauncher
java_class_path (initial): D:\Eng1ProjectGit\ENG1\desktop\build\classes\java\main;D:\Eng1ProjectGit\ENG1\desktop\build\resources\main;D:\Eng1ProjectGit\ENG1\desktop\libs\json-simple-1.1.jar;C:\Users\tomfe\.gradle\caches\modules-2\files-2.1\com.badlogicgames.gdx\gdx-backend-lwjgl3\1.11.0\58a96db4cd349be4292d547856aa1e1c5f065f4e\gdx-backend-lwjgl3-1.11.0.jar;C:\Users\tomfe\.gradle\caches\modules-2\files-2.1\com.badlogicgames.gdx\gdx-platform\1.11.0\697fb13eada6d3c6ca648c9788692b0159add126\gdx-platform-1.11.0-natives-desktop.jar;D:\Eng1ProjectGit\ENG1\core\build\libs\core-1.0.jar;D:\Eng1ProjectGit\ENG1\core\libs\json-simple-1.1.jar;C:\Users\tomfe\.gradle\caches\modules-2\files-2.1\com.badlogicgames.gdx\gdx\1.11.0\ffe1206d1004cd9e40027e28964be0fea0399af7\gdx-1.11.0.jar;C:\Users\tomfe\.gradle\caches\modules-2\files-2.1\org.lwjgl\lwjgl-glfw\3.3.1\cbac1b8d30cb4795149c1ef540f912671a8616d0\lwjgl-glfw-3.3.1.jar;C:\Users\tomfe\.gradle\caches\modules-2\files-2.1\org.lwjgl\lwjgl-glfw\3.3.1\81716978214ecbda15050ca394b06ef61501a49e\lwjgl-glfw-3.3.1-natives-linux.jar;C:\Users\tomfe\.gradle\caches\modules-2\files-2.1\org.lwjgl\lwjgl-glfw\3.3.1\816d935933f2dd743074c4e717cc25b55720f294\lwjgl-glfw-3.3.1-natives-linux-arm32.jar;C:\Users\tomfe\.gradle\caches\modules-2\files-2.1\org.lwjgl\lwjgl-glfw\3.3.1\513eb39b866d0fe131a18d5c517087805433b029\lwjgl-glfw-3.3.1-natives-linux-arm64.jar;C:\Users\tomfe\.gradle\caches\modules-2\files-2.1\org.lwjgl\lwjgl-glfw\3.3.1\9ec4ce1fc8c85fdef03ef4ff2aace6f5775fb280\lwjgl-glfw-3.3.1-natives-macos.jar;C:\Users\tomfe\.gradle\caches\modules-2\files-2.1\org.lwjgl\lwjgl-glfw\3.3.1\cac0d3f712a3da7641fa174735a5f315de7ffe0a\lwjgl-glfw-3.3.1-natives-macos-arm64.jar;C:\Users\tomfe\.gradle\caches\modules-2\files-2.1\org.lwjgl\lwjgl-glfw\3.3.1\ed892f945cf7e79c8756796f32d00fa4ceaf573b\lwjgl-glfw-3.3.1-natives-windows.jar;C:\Users\tomfe\.gradle\caches\modules-2\files-2.1\org.lwjgl\lwjgl-glfw\3.3.1\b997e3391d6ce8f05487e7335d95c606043884a1\lwjgl-glfw-3.3.1-natives-wi
Launcher Type: SUN_STANDARD

[Global flags]
     intx CICompilerCount                          = 3                                         {product} {ergonomic}
     uint ConcGCThreads                            = 1                                         {product} {ergonomic}
     uint G1ConcRefinementThreads                  = 4                                         {product} {ergonomic}
   size_t G1HeapRegionSize                         = 2097152                                   {product} {ergonomic}
    uintx GCDrainStackTargetSize                   = 64                                        {product} {ergonomic}
   size_t InitialHeapSize                          = 266338304                                 {product} {ergonomic}
   size_t MarkStackSize                            = 4194304                                   {product} {ergonomic}
   size_t MaxHeapSize                              = 4259315712                                {product} {ergonomic}
   size_t MaxNewSize                               = 2554331136                                {product} {ergonomic}
   size_t MinHeapDeltaBytes                        = 2097152                                   {product} {ergonomic}
   size_t MinHeapSize                              = 8388608                                   {product} {ergonomic}
    uintx NonNMethodCodeHeapSize                   = 5832780                                {pd product} {ergonomic}
    uintx NonProfiledCodeHeapSize                  = 122912730                              {pd product} {ergonomic}
    uintx ProfiledCodeHeapSize                     = 122912730                              {pd product} {ergonomic}
    uintx ReservedCodeCacheSize                    = 251658240                              {pd product} {ergonomic}
     bool SegmentedCodeCache                       = true                                      {product} {ergonomic}
   size_t SoftMaxHeapSize                          = 4259315712                             {manageable} {ergonomic}
     bool UseCompressedClassPointers               = true                           {product lp64_product} {ergonomic}
     bool UseCompressedOops                        = true                           {product lp64_product} {ergonomic}
     bool UseG1GC                                  = true                                      {product} {ergonomic}
     bool UseLargePagesIndividualAllocation        = false                                  {pd product} {ergonomic}

Logging:
Log output configuration:
 #0: stdout all=warning uptime,level,tags
 #1: stderr all=off uptime,level,tags

Environment Variables:
JAVA_HOME=C:\Users\tomfe\AppData\Local\Programs\Eclipse Adoptium\jdk-17.0.1.12-hotspot\
PATH=C:\Program Files\Common Files\Oracle\Java\javapath;C:\Users\tomfe\AppData\Local\Programs\Python\Python37-32;C:\Program Files\Oculus\Support\oculus-runtime;C:\Program Files (x86)\Common Files\Oracle\Java\javapath;C:\Windows\system32;C:\Windows;C:\Windows\System32\Wbem;C:\Windows\System32\WindowsPowerShell\v1.0\;C:\Windows\System32\OpenSSH\;C:\Program Files (x86)\NVIDIA Corporation\PhysX\Common;C:\Program Files\NVIDIA Corporation\NVIDIA NvDLISR;C:\WINDOWS\system32;C:\WINDOWS;C:\WINDOWS\System32\Wbem;C:\WINDOWS\System32\WindowsPowerShell\v1.0\;C:\WINDOWS\System32\OpenSSH\;C:\WINDOWS\system32;C:\WINDOWS;C:\WINDOWS\System32\Wbem;C:\WINDOWS\System32\WindowsPowerShell\v1.0\;C:\WINDOWS\System32\OpenSSH\;D:\Visual Studio Code\jdk-17.0.2\bin;C:\Program Files\Microsoft SQL Server\120\Tools\Binn\;C:\Program Files\Common Files\Autodesk Shared\;C:\Program Files\dotnet\;C:\Program Files\MongoDB\Server\6.0\bin;D:\Git\cmd;C:\Users\tomfe\AppData\Local\Programs\Eclipse Adoptium\jdk-17.0.1.12-hotspot\bin;C:\Users\tomfe\AppData\Local\Programs\Python\Python37\Scripts\;C:\Users\tomfe\AppData\Local\Programs\Python\Python37\;C:\Users\tomfe\AppData\Local\Programs\Python\Python37-32\Scripts\;C:\Users\tomfe\AppData\Local\Programs\Python\Python37-32\;C:\Users\tomfe\AppData\Local\Microsoft\WindowsApps;;D:\Microsoft VS Code\bin;C:\Users\tomfe\.dotnet\tools
USERNAME=tomfe
OS=Windows_NT
PROCESSOR_IDENTIFIER=Intel64 Family 6 Model 158 Stepping 9, GenuineIntel



---------------  S Y S T E M  ---------------

OS:
 Windows 10 , 64 bit Build 19041 (10.0.19041.2364)
OS uptime: 3 days 12:10 hours

CPU: total 4 (initial active 4) (4 cores per cpu, 1 threads per core) family 6 model 158 stepping 9 microcode 0xb4, cx8, cmov, fxsr, mmx, 3dnowpref, sse, sse2, sse3, ssse3, sse4.1, sse4.2, popcnt, lzcnt, tsc, tscinvbit, avx, avx2, aes, erms, clmul, bmi1, bmi2, rtm, adx, fma, vzeroupper, clflush, clflushopt

Memory: 4k page, system-wide physical 16246M (471M free)
TotalPageFile size 45979M (AvailPageFile size 1M)
current process WorkingSet (physical memory assigned to process): 278M, peak: 6219M
current process commit charge ("private bytes"): 26779M, peak: 26779M

vm_info: Java HotSpot(TM) 64-Bit Server VM (17.0.2+8-LTS-86) for windows-amd64 JRE (17.0.2+8-LTS-86), built on Dec  7 2021 21:51:03 by "mach5one" with MS VC++ 16.8 / 16.9 (VS2019)

END.
